19:57:18 **** Incremental Build of configuration Debug for project Initial ****
make all 
Building file: ../src/trueorfalse.cpp
Invoking: GCC C++ Compiler
g++ -O0 -g3 -Wall -c -fmessage-length=0 -MMD -MP -MF"src/trueorfalse.d" -MT"src/trueorfalse.o" -o "src/trueorfalse.o" "../src/trueorfalse.cpp"
../src/trueorfalse.cpp: In function ‘int main()’:
../src/trueorfalse.cpp:7:10: warning: format ‘%f’ expects argument of type ‘float*’, but argument 2 has type ‘int’ [-Wformat=]
    7 |  scanf("%f",a);
      |         ~^  ~
      |          |  |
      |          |  int
      |          float*
../src/trueorfalse.cpp:7:7: warning: ‘a’ is used uninitialized in this function [-Wuninitialized]
    7 |  scanf("%f",a);
      |  ~~~~~^~~~~~~~
Finished building: ../src/trueorfalse.cpp
 
Building target: Initial
Invoking: GCC C++ Linker
g++  -o "Initial"  ./src/trueorfalse.o   
Finished building target: Initial
 

19:57:19 Build Finished. 0 errors, 2 warnings. (took 835ms)

